0 info it worked if it ends with ok
1 verbose cli [ '/Users/alexr/.node/bin/node',
1 verbose cli   '/Users/alexr/.node/bin/npm',
1 verbose cli   'unpublish',
1 verbose cli   '--force' ]
2 info using npm@1.4.28
3 info using node@v0.10.35
4 warn using --force I sure hope you know what you are doing.
5 verbose request where is /node-help?write=true
6 verbose request registry https://registry.npmjs.org/
7 verbose request id 5f0f8e82210f7300
8 verbose url raw /node-help?write=true
9 verbose url resolving [ 'https://registry.npmjs.org/', './node-help?write=true' ]
10 verbose url resolved https://registry.npmjs.org/node-help?write=true
11 verbose request where is https://registry.npmjs.org/node-help?write=true
12 info trying registry request attempt 1 at 08:36:47
13 http GET https://registry.npmjs.org/node-help?write=true
14 http 404 https://registry.npmjs.org/node-help?write=true
15 silly registry.get cb [ 404,
15 silly registry.get   { 'content-type': 'application/json',
15 silly registry.get     'cache-control': 'max-age=0',
15 silly registry.get     'content-length': '2',
15 silly registry.get     'accept-ranges': 'bytes',
15 silly registry.get     date: 'Fri, 25 Sep 2015 15:36:47 GMT',
15 silly registry.get     via: '1.1 varnish',
15 silly registry.get     age: '0',
15 silly registry.get     connection: 'keep-alive',
15 silly registry.get     'x-served-by': 'cache-sjc3128-SJC',
15 silly registry.get     'x-cache': 'MISS',
15 silly registry.get     'x-cache-hits': '0',
15 silly registry.get     'x-timer': 'S1443195407.294661,VS0,VE168' } ]
16 info unpublish https://registry.npmjs.org/node-help@1.0.0 not published
17 info unpublish No versions remain, removing entire package
18 verbose request where is /node-help/-rev/undefined
19 verbose request registry https://registry.npmjs.org/
20 verbose url raw /node-help/-rev/undefined
21 verbose url resolving [ 'https://registry.npmjs.org/', './node-help/-rev/undefined' ]
22 verbose url resolved https://registry.npmjs.org/node-help/-rev/undefined
23 verbose request where is https://registry.npmjs.org/node-help/-rev/undefined
24 info trying registry request attempt 1 at 08:36:47
25 http DELETE https://registry.npmjs.org/node-help/-rev/undefined
26 http 403 https://registry.npmjs.org/node-help/-rev/undefined
27 verbose headers { 'content-type': 'application/json',
27 verbose headers   'cache-control': 'max-age=60',
27 verbose headers   'content-length': '101',
27 verbose headers   'accept-ranges': 'bytes',
27 verbose headers   date: 'Fri, 25 Sep 2015 15:36:47 GMT',
27 verbose headers   via: '1.1 varnish',
27 verbose headers   connection: 'keep-alive',
27 verbose headers   'x-served-by': 'cache-sjc3134-SJC',
27 verbose headers   'x-cache': 'MISS',
27 verbose headers   'x-cache-hits': '0',
27 verbose headers   'x-timer': 'S1443195407.630472,VS0,VE185' }
28 error Error: You do not have permission to publish 'node-help'. Are you logged in as the correct user? : node-help/-rev/undefined
28 error     at RegClient.<anonymous> (/Users/alexr/.node/lib/node_modules/npm/node_modules/npm-registry-client/lib/request.js:308:14)
28 error     at Request._callback (/Users/alexr/.node/lib/node_modules/npm/node_modules/npm-registry-client/lib/request.js:246:65)
28 error     at Request.self.callback (/Users/alexr/.node/lib/node_modules/npm/node_modules/request/request.js:236:22)
28 error     at Request.emit (events.js:98:17)
28 error     at Request.<anonymous> (/Users/alexr/.node/lib/node_modules/npm/node_modules/request/request.js:1142:14)
28 error     at Request.emit (events.js:117:20)
28 error     at IncomingMessage.<anonymous> (/Users/alexr/.node/lib/node_modules/npm/node_modules/request/request.js:1096:12)
28 error     at IncomingMessage.emit (events.js:117:20)
28 error     at _stream_readable.js:944:16
28 error     at process._tickCallback (node.js:442:13)
29 error If you need help, you may report this *entire* log,
29 error including the npm and node versions, at:
29 error     <http://github.com/npm/npm/issues>
30 error System Darwin 14.5.0
31 error command "/Users/alexr/.node/bin/node" "/Users/alexr/.node/bin/npm" "unpublish" "--force"
32 error cwd /data/web/code_fellows/node-help
33 error node -v v0.10.35
34 error npm -v 1.4.28
35 verbose exit [ 1, true ]
